[debug] [2024-09-17T14:27:11.570Z] ----------------------------------------------------------------------
[debug] [2024-09-17T14:27:11.573Z] Command:       C:\Program Files\nodejs\node.exe C:\Users\tvick\AppData\Roaming\npm\node_modules\firebase-tools\lib\bin\firebase.js init
[debug] [2024-09-17T14:27:11.574Z] CLI Version:   13.17.0
[debug] [2024-09-17T14:27:11.574Z] Platform:      win32
[debug] [2024-09-17T14:27:11.574Z] Node Version:  v20.14.0
[debug] [2024-09-17T14:27:11.574Z] Time:          Tue Sep 17 2024 19:57:11 GMT+0530 (India Standard Time)
[debug] [2024-09-17T14:27:11.575Z] ----------------------------------------------------------------------
[debug] 
[debug] [2024-09-17T14:27:11.581Z] > command requires scopes: ["email","openid","https://www.googleapis.com/auth/cloudplatformprojects.readonly","https://www.googleapis.com/auth/firebase","https://www.googleapis.com/auth/cloud-platform"]
[debug] [2024-09-17T14:27:11.581Z] > authorizing via signed-in user (tvicky7x@gmail.com)
[info] 
     ######## #### ########  ######## ########     ###     ######  ########
     ##        ##  ##     ## ##       ##     ##  ##   ##  ##       ##
     ######    ##  ########  ######   ########  #########  ######  ######
     ##        ##  ##    ##  ##       ##     ## ##     ##       ## ##
     ##       #### ##     ## ######## ########  ##     ##  ######  ########

You're about to initialize a Firebase project in this directory:

  C:\Users\tvick\Desktop\Vicky Projects\My-Portfolio

[info] 
=== Project Setup
[info] 
[info] First, let's associate this project directory with a Firebase project.
[info] You can create multiple project aliases by running firebase use --add, 
[info] but for now we'll just set up a default project.
[info] 
[debug] [2024-09-17T14:27:29.824Z] >>> [apiv2][query] GET https://firebase.googleapis.com/v1beta1/projects pageSize=100
[debug] [2024-09-17T14:27:30.984Z] <<< [apiv2][status] GET https://firebase.googleapis.com/v1beta1/projects 200
[debug] [2024-09-17T14:27:30.985Z] <<< [apiv2][body] GET https://firebase.googleapis.com/v1beta1/projects [omitted]
[debug] [2024-09-17T14:28:19.162Z] ----------------------------------------------------------------------
[debug] [2024-09-17T14:28:19.165Z] Command:       C:\Program Files\nodejs\node.exe C:\Users\tvick\AppData\Roaming\npm\node_modules\firebase-tools\lib\bin\firebase.js init
[debug] [2024-09-17T14:28:19.165Z] CLI Version:   13.17.0
[debug] [2024-09-17T14:28:19.165Z] Platform:      win32
[debug] [2024-09-17T14:28:19.165Z] Node Version:  v20.14.0
[debug] [2024-09-17T14:28:19.165Z] Time:          Tue Sep 17 2024 19:58:19 GMT+0530 (India Standard Time)
[debug] [2024-09-17T14:28:19.165Z] ----------------------------------------------------------------------
[debug] 
[debug] [2024-09-17T14:28:19.171Z] > command requires scopes: ["email","openid","https://www.googleapis.com/auth/cloudplatformprojects.readonly","https://www.googleapis.com/auth/firebase","https://www.googleapis.com/auth/cloud-platform"]
[debug] [2024-09-17T14:28:19.171Z] > authorizing via signed-in user (tvicky7x@gmail.com)
[info] 
     ######## #### ########  ######## ########     ###     ######  ########
     ##        ##  ##     ## ##       ##     ##  ##   ##  ##       ##
     ######    ##  ########  ######   ########  #########  ######  ######
     ##        ##  ##    ##  ##       ##     ## ##     ##       ## ##
     ##       #### ##     ## ######## ########  ##     ##  ######  ########

You're about to initialize a Firebase project in this directory:

  C:\Users\tvick\Desktop\Vicky Projects\My-Portfolio

[info] 
=== Project Setup
[info] 
[info] First, let's associate this project directory with a Firebase project.
[info] You can create multiple project aliases by running firebase use --add, 
[info] but for now we'll just set up a default project.
[info] 
[info] i  If you want to create a project in a Google Cloud organization or folder, please use "firebase projects:create" instead, and return to this command when you've created the project. 
[debug] [2024-09-17T14:28:49.426Z] >>> [apiv2][query] POST https://cloudresourcemanager.googleapis.com/v1/projects [none]
[debug] [2024-09-17T14:28:49.426Z] >>> [apiv2][body] POST https://cloudresourcemanager.googleapis.com/v1/projects {"projectId":"t-vicky","name":"t-vicky"}
[debug] [2024-09-17T14:28:51.113Z] <<< [apiv2][status] POST https://cloudresourcemanager.googleapis.com/v1/projects 409
[debug] [2024-09-17T14:28:51.113Z] <<< [apiv2][body] POST https://cloudresourcemanager.googleapis.com/v1/projects {"error":{"code":409,"message":"Requested entity already exists","status":"ALREADY_EXISTS"}}
[debug] [2024-09-17T14:28:51.376Z] FirebaseError: HTTP Error: 409, Requested entity already exists
    at responseToError (C:\Users\tvick\AppData\Roaming\npm\node_modules\firebase-tools\lib\responseToError.js:49:12)
    at RetryOperation._fn (C:\Users\tvick\AppData\Roaming\npm\node_modules\firebase-tools\lib\apiv2.js:305:77)
    at process.processTicksAndRejections (node:internal/process/task_queues:95:5)
[error] 
[error] Error: Failed to create project because there is already a project with ID t-vicky. Please try again with a unique project ID.
[debug] [2024-09-17T14:28:57.090Z] ----------------------------------------------------------------------
[debug] [2024-09-17T14:28:57.092Z] Command:       C:\Program Files\nodejs\node.exe C:\Users\tvick\AppData\Roaming\npm\node_modules\firebase-tools\lib\bin\firebase.js init
[debug] [2024-09-17T14:28:57.093Z] CLI Version:   13.17.0
[debug] [2024-09-17T14:28:57.093Z] Platform:      win32
[debug] [2024-09-17T14:28:57.093Z] Node Version:  v20.14.0
[debug] [2024-09-17T14:28:57.093Z] Time:          Tue Sep 17 2024 19:58:57 GMT+0530 (India Standard Time)
[debug] [2024-09-17T14:28:57.093Z] ----------------------------------------------------------------------
[debug] 
[debug] [2024-09-17T14:28:57.098Z] > command requires scopes: ["email","openid","https://www.googleapis.com/auth/cloudplatformprojects.readonly","https://www.googleapis.com/auth/firebase","https://www.googleapis.com/auth/cloud-platform"]
[debug] [2024-09-17T14:28:57.099Z] > authorizing via signed-in user (tvicky7x@gmail.com)
[info] 
     ######## #### ########  ######## ########     ###     ######  ########
     ##        ##  ##     ## ##       ##     ##  ##   ##  ##       ##
     ######    ##  ########  ######   ########  #########  ######  ######
     ##        ##  ##    ##  ##       ##     ## ##     ##       ## ##
     ##       #### ##     ## ######## ########  ##     ##  ######  ########

You're about to initialize a Firebase project in this directory:

  C:\Users\tvick\Desktop\Vicky Projects\My-Portfolio

[info] 
=== Project Setup
[info] 
[info] First, let's associate this project directory with a Firebase project.
[info] You can create multiple project aliases by running firebase use --add, 
[info] but for now we'll just set up a default project.
[info] 
[debug] [2024-09-17T14:29:02.532Z] >>> [apiv2][query] GET https://firebase.googleapis.com/v1beta1/projects pageSize=100
[debug] [2024-09-17T14:29:03.472Z] <<< [apiv2][status] GET https://firebase.googleapis.com/v1beta1/projects 200
[debug] [2024-09-17T14:29:03.472Z] <<< [apiv2][body] GET https://firebase.googleapis.com/v1beta1/projects [omitted]
